<?xml version="1.0" encoding="UTF-8"?>
<testng-results skipped="0" failed="0" ignored="0" total="1" passed="1">
  <reporter-output>
  </reporter-output>
  <suite name="Default suite" duration-ms="118759" started-at="2022-08-12T10:21:35 IST" finished-at="2022-08-12T10:23:34 IST">
    <groups>
      <group name="smokeTest">
        <method signature="createcampaingsTest.campaings()[pri:0, instance:com.crm.sdet1.campaings.createcampaingsTest@16f7c8c1]" name="campaings" class="com.crm.sdet1.campaings.createcampaingsTest"/>
      </group> <!-- smokeTest -->
    </groups>
    <test name="Default test" duration-ms="118759" started-at="2022-08-12T10:21:35 IST" finished-at="2022-08-12T10:23:34 IST">
      <class name="com.crm.sdet1.campaings.createcampaingsTest">
        <test-method status="PASS" signature="BS()[pri:0, instance:com.crm.sdet1.campaings.createcampaingsTest@16f7c8c1]" name="BS" is-config="true" duration-ms="11" started-at="2022-08-12T10:21:35 IST" finished-at="2022-08-12T10:21:35 IST">
          <reporter-output>
          </reporter-output>
        </test-method> <!-- BS -->
        <test-method status="PASS" signature="BT()[pri:0, instance:com.crm.sdet1.campaings.createcampaingsTest@16f7c8c1]" name="BT" is-config="true" duration-ms="1" started-at="2022-08-12T10:21:35 IST" finished-at="2022-08-12T10:21:35 IST">
          <reporter-output>
          </reporter-output>
        </test-method> <!-- BT -->
        <test-method status="PASS" signature="BC()[pri:0, instance:com.crm.sdet1.campaings.createcampaingsTest@16f7c8c1]" name="BC" is-config="true" duration-ms="13558" started-at="2022-08-12T10:21:35 IST" finished-at="2022-08-12T10:21:49 IST">
          <reporter-output>
          </reporter-output>
        </test-method> <!-- BC -->
        <test-method status="PASS" signature="BM()[pri:0, instance:com.crm.sdet1.campaings.createcampaingsTest@16f7c8c1]" name="BM" is-config="true" duration-ms="28811" started-at="2022-08-12T10:21:49 IST" finished-at="2022-08-12T10:22:18 IST">
          <reporter-output>
          </reporter-output>
        </test-method> <!-- BM -->
        <test-method status="PASS" signature="campaings()[pri:0, instance:com.crm.sdet1.campaings.createcampaingsTest@16f7c8c1]" name="campaings" duration-ms="76292" started-at="2022-08-12T10:22:18 IST" finished-at="2022-08-12T10:23:34 IST">
          <reporter-output>
          </reporter-output>
        </test-method> <!-- campaings -->
        <test-method status="PASS" signature="AM()[pri:0, instance:com.crm.sdet1.campaings.createcampaingsTest@16f7c8c1]" name="AM" is-config="true" duration-ms="1" started-at="2022-08-12T10:23:34 IST" finished-at="2022-08-12T10:23:34 IST">
          <reporter-output>
          </reporter-output>
        </test-method> <!-- AM -->
        <test-method status="PASS" signature="AC()[pri:0, instance:com.crm.sdet1.campaings.createcampaingsTest@16f7c8c1]" name="AC" is-config="true" duration-ms="0" started-at="2022-08-12T10:23:34 IST" finished-at="2022-08-12T10:23:34 IST">
          <reporter-output>
          </reporter-output>
        </test-method> <!-- AC -->
        <test-method status="PASS" signature="AT()[pri:0, instance:com.crm.sdet1.campaings.createcampaingsTest@16f7c8c1]" name="AT" is-config="true" duration-ms="1" started-at="2022-08-12T10:23:34 IST" finished-at="2022-08-12T10:23:34 IST">
          <reporter-output>
          </reporter-output>
        </test-method> <!-- AT -->
        <test-method status="PASS" signature="AS()[pri:0, instance:com.crm.sdet1.campaings.createcampaingsTest@16f7c8c1]" name="AS" is-config="true" duration-ms="1" started-at="2022-08-12T10:23:35 IST" finished-at="2022-08-12T10:23:35 IST">
          <reporter-output>
          </reporter-output>
        </test-method> <!-- AS -->
      </class> <!-- com.crm.sdet1.campaings.createcampaingsTest -->
    </test> <!-- Default test -->
  </suite> <!-- Default suite -->
</testng-results>
