<?xml version="1.0" encoding="UTF-8"?>
<!-- Generated by org.testng.reporters.JUnitXMLReporter -->
<testsuite hostname="DESKTOP-OTSD4BU" ignored="3" name="Test" tests="2" failures="0" timestamp="2022-08-12T10:20:43 IST" time="257.2" errors="0">
  <testcase name="deletProducts" time="110.266" classname="com.crm.sdet1.product.productdeletTest"/>
  <testcase name="products" time="62.628" classname="com.crm.sdet1.product.createproductTest"/>
  <testcase name="@AfterSuite AS" time="0.0" classname="com.crm.vtiger.GenericLib.BaseClass">
    <ignored/>
  </testcase> <!-- @AfterSuite AS -->
  <testcase name="@BeforeSuite BS" time="0.0" classname="com.crm.vtiger.GenericLib.BaseClass">
    <ignored/>
  </testcase> <!-- @BeforeSuite BS -->
  <testcase name="@AfterTest AT" time="0.0" classname="com.crm.vtiger.GenericLib.BaseClass">
    <ignored/>
  </testcase> <!-- @AfterTest AT -->
</testsuite> <!-- Test -->
